#! /usr/bin/vvp
:ivl_version "10.1 (stable)";
:ivl_delay_selection "TYPICAL";
:vpi_time_precision + 0;
:vpi_module "system";
:vpi_module "vhdl_sys";
:vpi_module "v2005_math";
:vpi_module "va_math";
S_0x55cc5890ade0 .scope module, "tb" "tb" 2 1;
 .timescale 0 0;
L_0x55cc58935500 .functor BUFZ 1, v0x55cc58935050_0, C4<0>, C4<0>, C4<0>;
L_0x55cc589355e0 .functor BUFZ 1, v0x55cc58935460_0, C4<0>, C4<0>, C4<0>;
v0x55cc58934ec0_0 .net "avg", 31 0, L_0x55cc589356c0;  1 drivers
v0x55cc58934f80_0 .net "clk", 0 0, L_0x55cc58935500;  1 drivers
v0x55cc58935050_0 .var "clk_reg", 0 0;
v0x55cc58935120_0 .var/i "i", 31 0;
L_0x7fe58f403018 .functor BUFT 1, C4<0>, C4<0>, C4<0>, C4<0>;
v0x55cc589351c0_0 .net "rst", 0 0, L_0x7fe58f403018;  1 drivers
v0x55cc58935300_0 .var "sample", 31 0;
v0x55cc589353c0_0 .net "sample_ready", 0 0, L_0x55cc589355e0;  1 drivers
v0x55cc58935460_0 .var "sample_ready_reg", 0 0;
S_0x55cc58913940 .scope module, "aaa" "accum_and_avg" 2 37, 3 1 0, S_0x55cc5890ade0;
 .timescale 0 0;
    .port_info 0 /INPUT 1 "clk"
    .port_info 1 /INPUT 1 "rst"
    .port_info 2 /INPUT 1 "sample_ready"
    .port_info 3 /INPUT 32 "sample"
    .port_info 4 /OUTPUT 32 "avg"
P_0x55cc5890cb70 .param/l "BIT_WIDTH" 0 3 9, +C4<00000000000000000000000000100000>;
L_0x55cc589356c0 .functor BUFZ 32, v0x55cc589340d0_0, C4<00000000000000000000000000000000>, C4<00000000000000000000000000000000>, C4<00000000000000000000000000000000>;
L_0x55cc58935780 .functor BUFZ 1, v0x55cc58934520_0, C4<0>, C4<0>, C4<0>;
v0x55cc58933f30_0 .var "accum", 31 0;
v0x55cc58934010_0 .net "avg", 31 0, L_0x55cc589356c0;  alias, 1 drivers
v0x55cc589340d0_0 .var "avg_reg", 31 0;
v0x55cc589341c0_0 .net "clk", 0 0, L_0x55cc58935500;  alias, 1 drivers
v0x55cc58934280_0 .var "clk_counter_reg", 15 0;
v0x55cc58934390_0 .net "div_clk", 0 0, L_0x55cc58935780;  1 drivers
v0x55cc58934480_0 .var "div_clk_enable", 0 0;
v0x55cc58934520_0 .var "div_clk_reg", 0 0;
v0x55cc589345e0_0 .net "div_done_clk", 0 0, L_0x55cc58935840;  1 drivers
v0x55cc58934710_0 .net "quotient", 31 0, L_0x55cc58935900;  1 drivers
v0x55cc589347e0_0 .net "rst", 0 0, L_0x7fe58f403018;  alias, 1 drivers
v0x55cc589348b0_0 .net "sample", 31 0, v0x55cc58935300_0;  1 drivers
v0x55cc58934950_0 .net "sample_ready", 0 0, L_0x55cc589355e0;  alias, 1 drivers
v0x55cc58934a10_0 .var "sample_size", 31 0;
v0x55cc58934b00_0 .var "start_div", 0 0;
v0x55cc58934bd0_0 .var "state", 0 0;
E_0x55cc588f39a0 .event posedge, v0x55cc589341c0_0;
E_0x55cc588f40a0 .event edge, v0x55cc58934480_0, v0x55cc589341c0_0;
S_0x55cc58913ac0 .scope module, "compute_avg" "div" 3 41, 4 1 0, S_0x55cc58913940;
 .timescale 0 0;
    .port_info 0 /INPUT 1 "clk"
    .port_info 1 /INPUT 1 "start"
    .port_info 2 /INPUT 32 "dividend"
    .port_info 3 /INPUT 32 "divider"
    .port_info 4 /OUTPUT 32 "quotient"
L_0x55cc58935900 .functor BUFZ 32, v0x55cc589335f0_0, C4<00000000000000000000000000000000>, C4<00000000000000000000000000000000>, C4<00000000000000000000000000000000>;
v0x55cc5890c960_0 .var "bit", 5 0;
v0x55cc58932d40_0 .net "clk", 0 0, L_0x55cc58935780;  alias, 1 drivers
v0x55cc58932e00_0 .var "diff", 63 0;
v0x55cc58932ec0_0 .net "dividend", 31 0, v0x55cc58933f30_0;  1 drivers
v0x55cc58932fa0_0 .var "dividend_copy", 63 0;
v0x55cc589330d0_0 .net "divider", 31 0, v0x55cc58934a10_0;  1 drivers
v0x55cc589331b0_0 .var "divider_copy", 63 0;
v0x55cc58933290_0 .net "quotient", 31 0, L_0x55cc58935900;  alias, 1 drivers
v0x55cc58933370_0 .var "quotient_reg", 31 0;
v0x55cc58933450_0 .net "ready", 0 0, L_0x55cc58935ae0;  1 drivers
v0x55cc58933510_0 .net "remander", 31 0, L_0x55cc589359e0;  1 drivers
v0x55cc589335f0_0 .var "result", 31 0;
v0x55cc589336d0_0 .net "start", 0 0, v0x55cc58934b00_0;  1 drivers
E_0x55cc588f3ba0 .event posedge, v0x55cc58932d40_0;
L_0x55cc589359e0 .part v0x55cc58932fa0_0, 0, 32;
L_0x55cc58935ae0 .reduce/nor v0x55cc5890c960_0;
S_0x55cc58933830 .scope module, "div_clk_counter" "clk_div" 3 34, 5 1 0, S_0x55cc58913940;
 .timescale 0 0;
    .port_info 0 /INPUT 1 "clk"
    .port_info 1 /INPUT 1 "rst"
    .port_info 2 /INPUT 16 "interval"
    .port_info 3 /OUTPUT 1 "clk_out"
L_0x55cc58935840 .functor BUFZ 1, v0x55cc58933b10_0, C4<0>, C4<0>, C4<0>;
v0x55cc589339d0_0 .net "clk", 0 0, L_0x55cc58935780;  alias, 1 drivers
v0x55cc58933a70_0 .net "clk_out", 0 0, L_0x55cc58935840;  alias, 1 drivers
v0x55cc58933b10_0 .var "clk_out_reg", 0 0;
v0x55cc58933be0_0 .var "counter", 15 0;
v0x55cc58933cc0_0 .net "interval", 15 0, v0x55cc58934280_0;  1 drivers
v0x55cc58933df0_0 .net "rst", 0 0, L_0x7fe58f403018;  alias, 1 drivers
S_0x55cc58934d20 .scope task, "clk_div" "clk_div" 2 13, 2 13 0, S_0x55cc5890ade0;
 .timescale 0 0;
TD_tb.clk_div ;
    %delay 5, 0;
    %load/vec4 v0x55cc58935050_0;
    %inv;
    %assign/vec4 v0x55cc58935050_0, 0;
    %delay 5, 0;
    %load/vec4 v0x55cc58935050_0;
    %inv;
    %assign/vec4 v0x55cc58935050_0, 0;
    %end;
    .scope S_0x55cc58933830;
T_1 ;
    %pushi/vec4 0, 0, 16;
    %store/vec4 v0x55cc58933be0_0, 0, 16;
    %end;
    .thread T_1;
    .scope S_0x55cc58933830;
T_2 ;
    %pushi/vec4 0, 0, 1;
    %store/vec4 v0x55cc58933b10_0, 0, 1;
    %end;
    .thread T_2;
    .scope S_0x55cc58933830;
T_3 ;
    %wait E_0x55cc588f3ba0;
    %load/vec4 v0x55cc58933df0_0;
    %flag_set/vec4 8;
    %jmp/0xz  T_3.0, 8;
    %pushi/vec4 0, 0, 16;
    %assign/vec4 v0x55cc58933be0_0, 0;
    %pushi/vec4 0, 0, 1;
    %assign/vec4 v0x55cc58933b10_0, 0;
    %jmp T_3.1;
T_3.0 ;
    %load/vec4 v0x55cc58933be0_0;
    %load/vec4 v0x55cc58933cc0_0;
    %cmp/e;
    %jmp/0xz  T_3.2, 4;
    %pushi/vec4 0, 0, 16;
    %assign/vec4 v0x55cc58933be0_0, 0;
    %pushi/vec4 1, 0, 1;
    %assign/vec4 v0x55cc58933b10_0, 0;
    %jmp T_3.3;
T_3.2 ;
    %load/vec4 v0x55cc58933be0_0;
    %addi 1, 0, 16;
    %assign/vec4 v0x55cc58933be0_0, 0;
    %pushi/vec4 0, 0, 1;
    %assign/vec4 v0x55cc58933b10_0, 0;
T_3.3 ;
T_3.1 ;
    %jmp T_3;
    .thread T_3;
    .scope S_0x55cc58913ac0;
T_4 ;
    %pushi/vec4 0, 0, 6;
    %store/vec4 v0x55cc5890c960_0, 0, 6;
    %end;
    .thread T_4;
    .scope S_0x55cc58913ac0;
T_5 ;
    %wait E_0x55cc588f3ba0;
    %load/vec4 v0x55cc58933450_0;
    %load/vec4 v0x55cc589336d0_0;
    %and;
    %flag_set/vec4 8;
    %jmp/0xz  T_5.0, 8;
    %pushi/vec4 32, 0, 6;
    %store/vec4 v0x55cc5890c960_0, 0, 6;
    %load/vec4 v0x55cc58933370_0;
    %assign/vec4 v0x55cc589335f0_0, 0;
    %pushi/vec4 0, 0, 32;
    %store/vec4 v0x55cc58933370_0, 0, 32;
    %pushi/vec4 0, 0, 32;
    %load/vec4 v0x55cc58932ec0_0;
    %concat/vec4; draw_concat_vec4
    %store/vec4 v0x55cc58932fa0_0, 0, 64;
    %pushi/vec4 0, 0, 1;
    %load/vec4 v0x55cc589330d0_0;
    %concat/vec4; draw_concat_vec4
    %concati/vec4 0, 0, 31;
    %store/vec4 v0x55cc589331b0_0, 0, 64;
    %jmp T_5.1;
T_5.0 ;
    %load/vec4 v0x55cc58932fa0_0;
    %load/vec4 v0x55cc589331b0_0;
    %sub;
    %store/vec4 v0x55cc58932e00_0, 0, 64;
    %load/vec4 v0x55cc58933370_0;
    %parti/s 31, 0, 2;
    %load/vec4 v0x55cc58932e00_0;
    %parti/s 1, 63, 7;
    %inv;
    %concat/vec4; draw_concat_vec4
    %store/vec4 v0x55cc58933370_0, 0, 32;
    %pushi/vec4 0, 0, 1;
    %load/vec4 v0x55cc589331b0_0;
    %parti/s 63, 1, 2;
    %concat/vec4; draw_concat_vec4
    %store/vec4 v0x55cc589331b0_0, 0, 64;
    %load/vec4 v0x55cc58932e00_0;
    %parti/s 1, 63, 7;
    %nor/r;
    %flag_set/vec4 8;
    %jmp/0xz  T_5.2, 8;
    %load/vec4 v0x55cc58932e00_0;
    %store/vec4 v0x55cc58932fa0_0, 0, 64;
T_5.2 ;
    %load/vec4 v0x55cc5890c960_0;
    %subi 1, 0, 6;
    %store/vec4 v0x55cc5890c960_0, 0, 6;
T_5.1 ;
    %jmp T_5;
    .thread T_5;
    .scope S_0x55cc58913940;
T_6 ;
    %pushi/vec4 0, 0, 32;
    %store/vec4 v0x55cc589340d0_0, 0, 32;
    %end;
    .thread T_6;
    .scope S_0x55cc58913940;
T_7 ;
    %pushi/vec4 0, 0, 32;
    %store/vec4 v0x55cc58933f30_0, 0, 32;
    %end;
    .thread T_7;
    .scope S_0x55cc58913940;
T_8 ;
    %pushi/vec4 0, 0, 32;
    %store/vec4 v0x55cc58934a10_0, 0, 32;
    %end;
    .thread T_8;
    .scope S_0x55cc58913940;
T_9 ;
    %pushi/vec4 0, 0, 1;
    %store/vec4 v0x55cc58934b00_0, 0, 1;
    %end;
    .thread T_9;
    .scope S_0x55cc58913940;
T_10 ;
    %pushi/vec4 33, 0, 16;
    %store/vec4 v0x55cc58934280_0, 0, 16;
    %end;
    .thread T_10;
    .scope S_0x55cc58913940;
T_11 ;
    %pushi/vec4 0, 0, 1;
    %store/vec4 v0x55cc58934480_0, 0, 1;
    %end;
    .thread T_11;
    .scope S_0x55cc58913940;
T_12 ;
    %pushi/vec4 0, 0, 1;
    %store/vec4 v0x55cc58934520_0, 0, 1;
    %end;
    .thread T_12;
    .scope S_0x55cc58913940;
T_13 ;
    %wait E_0x55cc588f40a0;
    %load/vec4 v0x55cc58934480_0;
    %flag_set/vec4 8;
    %jmp/0xz  T_13.0, 8;
    %load/vec4 v0x55cc589341c0_0;
    %assign/vec4 v0x55cc58934520_0, 0;
    %jmp T_13.1;
T_13.0 ;
    %pushi/vec4 0, 0, 1;
    %assign/vec4 v0x55cc58934520_0, 0;
T_13.1 ;
    %jmp T_13;
    .thread T_13, $push;
    .scope S_0x55cc58913940;
T_14 ;
    %pushi/vec4 0, 0, 1;
    %store/vec4 v0x55cc58934bd0_0, 0, 1;
    %end;
    .thread T_14;
    .scope S_0x55cc58913940;
T_15 ;
    %wait E_0x55cc588f39a0;
    %load/vec4 v0x55cc58934bd0_0;
    %dup/vec4;
    %pushi/vec4 0, 0, 1;
    %cmp/u;
    %jmp/1 T_15.0, 6;
    %dup/vec4;
    %pushi/vec4 1, 0, 1;
    %cmp/u;
    %jmp/1 T_15.1, 6;
    %pushi/vec4 0, 0, 1;
    %assign/vec4 v0x55cc58934bd0_0, 0;
    %jmp T_15.3;
T_15.0 ;
    %load/vec4 v0x55cc58934950_0;
    %flag_set/vec4 8;
    %jmp/0xz  T_15.4, 8;
    %load/vec4 v0x55cc58933f30_0;
    %load/vec4 v0x55cc589348b0_0;
    %add;
    %assign/vec4 v0x55cc58933f30_0, 0;
    %load/vec4 v0x55cc58934a10_0;
    %addi 1, 0, 32;
    %assign/vec4 v0x55cc58934a10_0, 0;
    %pushi/vec4 1, 0, 1;
    %assign/vec4 v0x55cc58934bd0_0, 0;
    %pushi/vec4 1, 0, 1;
    %assign/vec4 v0x55cc58934b00_0, 0;
    %pushi/vec4 1, 0, 1;
    %assign/vec4 v0x55cc58934480_0, 0;
T_15.4 ;
    %jmp T_15.3;
T_15.1 ;
    %load/vec4 v0x55cc589345e0_0;
    %flag_set/vec4 8;
    %jmp/0xz  T_15.6, 8;
    %pushi/vec4 0, 0, 1;
    %assign/vec4 v0x55cc58934bd0_0, 0;
    %pushi/vec4 0, 0, 1;
    %assign/vec4 v0x55cc58934b00_0, 0;
    %load/vec4 v0x55cc58934710_0;
    %assign/vec4 v0x55cc589340d0_0, 0;
    %pushi/vec4 0, 0, 1;
    %assign/vec4 v0x55cc58934480_0, 0;
T_15.6 ;
    %jmp T_15.3;
T_15.3 ;
    %pop/vec4 1;
    %jmp T_15;
    .thread T_15;
    .scope S_0x55cc5890ade0;
T_16 ;
    %pushi/vec4 0, 0, 1;
    %store/vec4 v0x55cc58935050_0, 0, 1;
    %end;
    .thread T_16;
    .scope S_0x55cc5890ade0;
T_17 ;
    %pushi/vec4 1, 0, 1;
    %store/vec4 v0x55cc58935460_0, 0, 1;
    %end;
    .thread T_17;
    .scope S_0x55cc5890ade0;
T_18 ;
    %pushi/vec4 0, 0, 32;
    %store/vec4 v0x55cc58935300_0, 0, 32;
    %end;
    .thread T_18;
    .scope S_0x55cc5890ade0;
T_19 ;
    %vpi_call 2 25 "$dumpfile", "output.vcd" {0 0 0};
    %vpi_call 2 26 "$dumpvars", 32'sb00000000000000000000000000000000, S_0x55cc5890ade0 {0 0 0};
    %pushi/vec4 5, 0, 32;
    %assign/vec4 v0x55cc58935300_0, 0;
    %delay 5, 0;
    %vpi_call 2 29 "$monitor", "avg = %d\012", v0x55cc58934ec0_0 {0 0 0};
    %pushi/vec4 0, 0, 32;
    %store/vec4 v0x55cc58935120_0, 0, 32;
T_19.0 ;
    %load/vec4 v0x55cc58935120_0;
    %cmpi/s 3000, 0, 32;
    %jmp/0xz T_19.1, 5;
    %fork TD_tb.clk_div, S_0x55cc58934d20;
    %join;
    %pushi/vec4 7, 0, 32;
    %assign/vec4 v0x55cc58935300_0, 0;
    %load/vec4 v0x55cc58935120_0;
    %pushi/vec4 1, 0, 32;
    %add;
    %store/vec4 v0x55cc58935120_0, 0, 32;
    %jmp T_19.0;
T_19.1 ;
    %vpi_call 2 34 "$finish" {0 0 0};
    %end;
    .thread T_19;
# The file index is used to find the file name in the following table.
:file_names 6;
    "N/A";
    "<interactive>";
    "tb.v";
    "accum_and_avg.v";
    "div.v";
    "clk_div.v";
